Created classifier and saved to cache.
Accuracy: 0.6516613076098606
                |                           s     |
                |                           c     |
                |                           i     |
                |                           e     |
                |                           n     |
                |           p               c     |
                |           h               e     |
                |           i   r           -     |
                |       m   l   e   r   s   f     |
                |   h   y   o   l   o   c   i   s |
                |   o   s   s   i   m   i   c   p |
                |   r   t   o   g   a   e   t   o |
                |   r   e   p   i   n   n   i   r |
                |   o   r   h   o   c   c   o   t |
                |   r   y   y   n   e   e   n   s |
----------------+---------------------------------+
         horror | <42> 26   .   3  26   5   9   7 |
        mystery |   7 <91>  .   .  18   .   1   3 |
     philosophy |   .   2 <44> 21   .  46   1   . |
       religion |   .   3  14 <74>  6  12   3   3 |
        romance |   1   1   .   2 <88>  1   4  17 |
        science |   .   .   2   3   .<104>  5   1 |
science-fiction |  11   6   .   3  25   9 <58>  8 |
         sports |   .   .   .   .   7   3   .<107>|
----------------+---------------------------------+
(row = reference; col = test)

