Created classifier and saved to cache.
Accuracy: 0.6870310825294748
                |                    s    |
                |                    c    |
                |                    i    |
                |                    e    |
                |                    n    |
                |        p           c    |
                |        h           e    |
                |        i  r        -    |
                |     m  l  e  r  s  f    |
                |  h  y  o  l  o  c  i  s |
                |  o  s  s  i  m  i  c  p |
                |  r  t  o  g  a  e  t  o |
                |  r  e  p  i  n  n  i  r |
                |  o  r  h  o  c  c  o  t |
                |  r  y  y  n  e  e  n  s |
----------------+-------------------------+
         horror |<78>11  5  . 10  1 10  3 |
        mystery | 19<87> 1  .  6  .  4  3 |
     philosophy |  4  2<76>14  . 13  5  . |
       religion |  6  2 26<67> 2  3  9  . |
        romance |  3  5  .  2<83> . 13  8 |
        science |  5  2  6  8  .<83>10  1 |
science-fiction | 17  6  .  1  7  3<83> 3 |
         sports |  7  3  1  1 18  2  1<84>|
----------------+-------------------------+
(row = reference; col = test)

