Created classifier and saved to cache.
Accuracy: 0.669882100750268
                |                           s     |
                |                           c     |
                |                           i     |
                |                           e     |
                |                           n     |
                |           p               c     |
                |           h               e     |
                |           i   r           -     |
                |       m   l   e   r   s   f     |
                |   h   y   o   l   o   c   i   s |
                |   o   s   s   i   m   i   c   p |
                |   r   t   o   g   a   e   t   o |
                |   r   e   p   i   n   n   i   r |
                |   o   r   h   o   c   c   o   t |
                |   r   y   y   n   e   e   n   s |
----------------+---------------------------------+
         horror | <49> 24   .   2  19   6  11   7 |
        mystery |   6 <97>  .   .  13   .   1   3 |
     philosophy |   .   2 <46> 24   .  41   1   . |
       religion |   .   4  10 <85>  5   8   2   1 |
        romance |   2   1   .   3 <81>  .   7  20 |
        science |   .   .   1   3   .<105>  5   1 |
science-fiction |  13   5   .   2  20  17 <57>  6 |
         sports |   .   .   .   .  10   2   .<105>|
----------------+---------------------------------+
(row = reference; col = test)



                 |  Precision  |     Recall  | F1-Measure 
-------------------------------------------------------------
     philosophy  |     0.8070  |     0.4035  |     0.5380
         sports  |     0.7343  |     0.8974  |     0.8077
        mystery  |     0.7293  |     0.8083  |     0.7668
       religion  |     0.7143  |     0.7391  |     0.7265
        science  |     0.5866  |     0.9130  |     0.7143
        romance  |     0.5473  |     0.7105  |     0.6183
         horror  |     0.7000  |     0.4153  |     0.5213
science-fiction  |     0.6786  |     0.4750  |     0.5588
