Created classifier and saved to cache.
Accuracy: 0.6538049303322615
                |                           s     |
                |                           c     |
                |                           i     |
                |                           e     |
                |                           n     |
                |           p               c     |
                |           h               e     |
                |           i   r           -     |
                |       m   l   e   r   s   f     |
                |   h   y   o   l   o   c   i   s |
                |   o   s   s   i   m   i   c   p |
                |   r   t   o   g   a   e   t   o |
                |   r   e   p   i   n   n   i   r |
                |   o   r   h   o   c   c   o   t |
                |   r   y   y   n   e   e   n   s |
----------------+---------------------------------+
         horror | <43> 22   .   4  29   5   8   7 |
        mystery |   7 <93>  .   .  13   .   1   6 |
     philosophy |   .   2 <45> 21   .  45   1   . |
       religion |   .   4  13 <76>  5  11   2   4 |
        romance |   2   1   .   3 <88>  1   3  16 |
        science |   .   .   1   3   .<106>  4   1 |
science-fiction |  10   8   .   3  26  12 <55>  6 |
         sports |   .   .   1   .  10   2   .<104>|
----------------+---------------------------------+
(row = reference; col = test)

