Created classifier and saved to cache.
Accuracy: 0.6838156484458735
                |                    s    |
                |                    c    |
                |                    i    |
                |                    e    |
                |                    n    |
                |        p           c    |
                |        h           e    |
                |        i  r        -    |
                |     m  l  e  r  s  f    |
                |  h  y  o  l  o  c  i  s |
                |  o  s  s  i  m  i  c  p |
                |  r  t  o  g  a  e  t  o |
                |  r  e  p  i  n  n  i  r |
                |  o  r  h  o  c  c  o  t |
                |  r  y  y  n  e  e  n  s |
----------------+-------------------------+
         horror |<80>11  1  1  8  . 14  3 |
        mystery | 25<83> .  .  6  1  3  2 |
     philosophy |  1  2<68>19  . 17  7  . |
       religion |  .  3 23<71> 2  5 11  . |
        romance |  5  3  1  .<80> . 16  9 |
        science |  4  .  6  6  .<85>13  1 |
science-fiction | 16  6  .  2  9  1<85> 1 |
         sports |  2  1  1  . 18  6  3<86>|
----------------+-------------------------+
(row = reference; col = test)



                 |  Precision  |     Recall  | F1-Measure 
-------------------------------------------------------------
         horror  |     0.6015  |     0.6780  |     0.6375
        mystery  |     0.7615  |     0.6917  |     0.7249
     philosophy  |     0.6800  |     0.5965  |     0.6355
       religion  |     0.7172  |     0.6174  |     0.6636
        romance  |     0.6504  |     0.7018  |     0.6751
        science  |     0.7391  |     0.7391  |     0.7391
science-fiction  |     0.5592  |     0.7083  |     0.6250
         sports  |     0.8431  |     0.7350  |     0.7854
