Created classifier and saved to cache.
Accuracy: 0.6591639871382636
                |                           s     |
                |                           c     |
                |                           i     |
                |                           e     |
                |                           n     |
                |           p               c     |
                |           h               e     |
                |           i   r           -     |
                |       m   l   e   r   s   f     |
                |   h   y   o   l   o   c   i   s |
                |   o   s   s   i   m   i   c   p |
                |   r   t   o   g   a   e   t   o |
                |   r   e   p   i   n   n   i   r |
                |   o   r   h   o   c   c   o   t |
                |   r   y   y   n   e   e   n   s |
----------------+---------------------------------+
         horror | <44> 27   .   4  25   5   8   5 |
        mystery |   7 <93>  .   .  16   .   1   3 |
     philosophy |   .   2 <44> 23   .  42   1   2 |
       religion |   .   3  14 <77>  6  10   3   2 |
        romance |   2   2   .   2 <88>  1   3  16 |
        science |   .   .   1   3   .<105>  5   1 |
science-fiction |  10   6   1   3  25   7 <60>  8 |
         sports |   .   .   .   .  10   3   .<104>|
----------------+---------------------------------+
(row = reference; col = test)



                 |  Precision  |     Recall  | F1-Measure 
-------------------------------------------------------------
     philosophy  |     0.7333  |     0.3860  |     0.5057
         sports  |     0.7376  |     0.8889  |     0.8062
        mystery  |     0.6992  |     0.7750  |     0.7352
       religion  |     0.6875  |     0.6696  |     0.6784
        science  |     0.6069  |     0.9130  |     0.7292
        romance  |     0.5176  |     0.7719  |     0.6197
         horror  |     0.6984  |     0.3729  |     0.4862
science-fiction  |     0.7407  |     0.5000  |     0.5970
