Created classifier and saved to cache.
Accuracy: 0.707395498392283
                |                    s    |
                |                    c    |
                |                    i    |
                |                    e    |
                |                    n    |
                |        p           c    |
                |        h           e    |
                |        i  r        -    |
                |     m  l  e  r  s  f    |
                |  h  y  o  l  o  c  i  s |
                |  o  s  s  i  m  i  c  p |
                |  r  t  o  g  a  e  t  o |
                |  r  e  p  i  n  n  i  r |
                |  o  r  h  o  c  c  o  t |
                |  r  y  y  n  e  e  n  s |
----------------+-------------------------+
         horror |<83>14  1  1  5  . 13  1 |
        mystery | 21<88> .  .  7  .  3  1 |
     philosophy |  1  2<69>19  . 16  7  . |
       religion |  .  3 17<77> 2  5 11  . |
        romance |  6  6  1  .<82> . 10  9 |
        science |  5  .  4  5  .<89>11  1 |
science-fiction | 16  6  .  1  6  3<87> 1 |
         sports |  2  2  1  1 17  7  2<85>|
----------------+-------------------------+
(row = reference; col = test)



                 |  Precision  |     Recall  | F1-Measure 
-------------------------------------------------------------
         horror  |     0.6194  |     0.7034  |     0.6587
        mystery  |     0.7273  |     0.7333  |     0.7303
     philosophy  |     0.7419  |     0.6053  |     0.6667
       religion  |     0.7404  |     0.6696  |     0.7032
        romance  |     0.6891  |     0.7193  |     0.7039
        science  |     0.7417  |     0.7739  |     0.7574
science-fiction  |     0.6042  |     0.7250  |     0.6591
         sports  |     0.8673  |     0.7265  |     0.7907
