Loaded classifier from cache.
Accuracy: 0.6409431939978564
                |                    s    |
                |                    c    |
                |                    i    |
                |                    e    |
                |                    n    |
                |        p           c    |
                |        h           e    |
                |        i  r        -    |
                |     m  l  e  r  s  f    |
                |  h  y  o  l  o  c  i  s |
                |  o  s  s  i  m  i  c  p |
                |  r  t  o  g  a  e  t  o |
                |  r  e  p  i  n  n  i  r |
                |  o  r  h  o  c  c  o  t |
                |  r  y  y  n  e  e  n  s |
----------------+-------------------------+
         horror |<66>15  7  1  9  2 13  5 |
        mystery | 28<75> 1  .  9  .  3  4 |
     philosophy |  4  1<71>18  . 16  4  . |
       religion |  7  1 29<61> 1  4 11  1 |
        romance |  8  7  .  2<77> . 12  8 |
        science |  2  .  5  8  .<88>11  1 |
science-fiction | 22  6  3  1  8  2<76> 2 |
         sports |  5  2  4  2 16  .  4<84>|
----------------+-------------------------+
(row = reference; col = test)



                 |  Precision  |     Recall  | F1-Measure 
-------------------------------------------------------------
         horror  |     0.4648  |     0.5593  |     0.5077
        mystery  |     0.7009  |     0.6250  |     0.6608
     philosophy  |     0.5917  |     0.6228  |     0.6068
       religion  |     0.6559  |     0.5304  |     0.5865
        romance  |     0.6417  |     0.6754  |     0.6581
        science  |     0.7857  |     0.7652  |     0.7753
science-fiction  |     0.5672  |     0.6333  |     0.5984
         sports  |     0.8000  |     0.7179  |     0.7568
