Created classifier and saved to cache.
Accuracy: 0.6538049303322615
                |                           s     |
                |                           c     |
                |                           i     |
                |                           e     |
                |                           n     |
                |           p               c     |
                |           h               e     |
                |           i   r           -     |
                |       m   l   e   r   s   f     |
                |   h   y   o   l   o   c   i   s |
                |   o   s   s   i   m   i   c   p |
                |   r   t   o   g   a   e   t   o |
                |   r   e   p   i   n   n   i   r |
                |   o   r   h   o   c   c   o   t |
                |   r   y   y   n   e   e   n   s |
----------------+---------------------------------+
         horror | <43> 26   .   3  26   5   9   6 |
        mystery |   7 <91>  .   .  18   .   1   3 |
     philosophy |   .   2 <44> 21   .  46   1   . |
       religion |   .   3  14 <75>  6  11   3   3 |
        romance |   1   1   .   2 <88>  1   4  17 |
        science |   .   .   2   3   .<104>  5   1 |
science-fiction |  11   6   .   3  25   9 <58>  8 |
         sports |   .   .   .   .   7   3   .<107>|
----------------+---------------------------------+
(row = reference; col = test)



                 |  Precision  |     Recall  | F1-Measure 
-------------------------------------------------------------
     philosophy  |     0.7333  |     0.3860  |     0.5057
         sports  |     0.7379  |     0.9145  |     0.8168
        mystery  |     0.7054  |     0.7583  |     0.7309
       religion  |     0.7009  |     0.6522  |     0.6757
        science  |     0.5810  |     0.9043  |     0.7075
        romance  |     0.5176  |     0.7719  |     0.6197
         horror  |     0.6935  |     0.3644  |     0.4778
science-fiction  |     0.7160  |     0.4833  |     0.5771
