Loaded classifier from cache.
Accuracy: 0.6420150053590568
                |                           s     |
                |                           c     |
                |                           i     |
                |                           e     |
                |                           n     |
                |           p               c     |
                |           h               e     |
                |           i   r           -     |
                |       m   l   e   r   s   f     |
                |   h   y   o   l   o   c   i   s |
                |   o   s   s   i   m   i   c   p |
                |   r   t   o   g   a   e   t   o |
                |   r   e   p   i   n   n   i   r |
                |   o   r   h   o   c   c   o   t |
                |   r   y   y   n   e   e   n   s |
----------------+---------------------------------+
         horror | <44> 23   .   3  27   6   8   7 |
        mystery |   8 <88>  .   .  18   .   1   5 |
     philosophy |   .   2 <44> 20   .  47   1   . |
       religion |   .   3  13 <76>  4  12   3   4 |
        romance |   1   3   .   3 <82>  2   4  19 |
        science |   .   .   .   3   .<107>  4   1 |
science-fiction |  11   7   .   3  23  15 <52>  9 |
         sports |   .   .   .   .   8   3   .<106>|
----------------+---------------------------------+
(row = reference; col = test)



                 |  Precision  |     Recall  | F1-Measure 
-------------------------------------------------------------
     philosophy  |     0.7719  |     0.3860  |     0.5146
         sports  |     0.7020  |     0.9060  |     0.7910
        mystery  |     0.6984  |     0.7333  |     0.7154
       religion  |     0.7037  |     0.6609  |     0.6816
        science  |     0.5573  |     0.9304  |     0.6971
        romance  |     0.5062  |     0.7193  |     0.5942
         horror  |     0.6875  |     0.3729  |     0.4835
science-fiction  |     0.7123  |     0.4333  |     0.5389
