Created classifier and saved to cache.
Accuracy: 0.5809217577706324
                |                    s    |
                |                    c    |
                |                    i    |
                |                    e    |
                |                    n    |
                |        p           c    |
                |        h           e    |
                |        i  r        -    |
                |     m  l  e  r  s  f    |
                |  h  y  o  l  o  c  i  s |
                |  o  s  s  i  m  i  c  p |
                |  r  t  o  g  a  e  t  o |
                |  r  e  p  i  n  n  i  r |
                |  o  r  h  o  c  c  o  t |
                |  r  y  y  n  e  e  n  s |
----------------+-------------------------+
         horror |<46>24  1  5 22  5 10  5 |
        mystery | 13<80> .  1 15  1  1  9 |
     philosophy |  1  1<59>22  1 24  2  4 |
       religion |  2  3 21<63> 4 16  3  3 |
        romance |  5  3  2  1<69> .  5 29 |
        science |  .  .  6 10  .<91> 4  4 |
science-fiction | 14 10  3  5 23  5<51> 9 |
         sports |  2  2  1  1 25  2  1<83>|
----------------+-------------------------+
(row = reference; col = test)



                 |  Precision  |     Recall  | F1-Measure 
-------------------------------------------------------------
     philosophy  |     0.6344  |     0.5175  |     0.5700
         sports  |     0.5685  |     0.7094  |     0.6312
        mystery  |     0.6504  |     0.6667  |     0.6584
       religion  |     0.5833  |     0.5478  |     0.5650
        science  |     0.6319  |     0.7913  |     0.7027
        romance  |     0.4340  |     0.6053  |     0.5055
         horror  |     0.5542  |     0.3898  |     0.4577
science-fiction  |     0.6623  |     0.4250  |     0.5178
