Created classifier and saved to cache.
Accuracy: 0.2015005359056806
                |                           s     |
                |                           c     |
                |                           i     |
                |                           e     |
                |                           n     |
                |           p               c     |
                |           h               e     |
                |           i   r           -     |
                |       m   l   e   r   s   f     |
                |   h   y   o   l   o   c   i   s |
                |   o   s   s   i   m   i   c   p |
                |   r   t   o   g   a   e   t   o |
                |   r   e   p   i   n   n   i   r |
                |   o   r   h   o   c   c   o   t |
                |   r   y   y   n   e   e   n   s |
----------------+---------------------------------+
         horror |<101>  6   .   1   .   .  10   . |
        mystery | 100  <2>  .   .   5   .  13   . |
     philosophy |  72   .  <9> 11   .   9  13   . |
       religion |  69   3   9  <5>  2   2  25   . |
        romance |  87   .   .   .  <4>  .  19   4 |
        science |  50   .   6   3   2  <3> 50   1 |
science-fiction |  52   3   .   1   1   2 <61>  . |
         sports |  92   1   1   .   5   2  13  <3>|
----------------+---------------------------------+
(row = reference; col = test)



                 |  Precision  |     Recall  | F1-Measure 
-------------------------------------------------------------
         horror  |     0.1621  |     0.8559  |     0.2726
        mystery  |     0.1333  |     0.0167  |     0.0296
     philosophy  |     0.3600  |     0.0789  |     0.1295
       religion  |     0.2381  |     0.0435  |     0.0735
        romance  |     0.2105  |     0.0351  |     0.0602
        science  |     0.1667  |     0.0261  |     0.0451
science-fiction  |     0.2990  |     0.5083  |     0.3765
         sports  |     0.3750  |     0.0256  |     0.0480
